[W 2024-12-14 17:58:09.748 ServerApp] A `_jupyter_server_extension_points` function was not found in jupyter_lsp. Instead, a `_jupyter_server_extension_paths` function was found and will be used for now. This function name will be deprecated in future releases of Jupyter Server.
[W 2024-12-14 17:58:09.788 ServerApp] A `_jupyter_server_extension_points` function was not found in notebook_shim. Instead, a `_jupyter_server_extension_paths` function was found and will be used for now. This function name will be deprecated in future releases of Jupyter Server.
[I 2024-12-14 17:58:09.788 ServerApp] jupyter_lsp | extension was successfully linked.
[I 2024-12-14 17:58:09.791 ServerApp] jupyter_server_terminals | extension was successfully linked.
[I 2024-12-14 17:58:09.793 ServerApp] jupyterlab | extension was successfully linked.
[I 2024-12-14 17:58:09.796 ServerApp] notebook | extension was successfully linked.
[I 2024-12-14 17:58:09.797 ServerApp] Writing Jupyter server cookie secret to /home/dave/.local/share/jupyter/runtime/jupyter_cookie_secret
[I 2024-12-14 17:58:09.925 ServerApp] notebook_shim | extension was successfully linked.
[I 2024-12-14 17:58:09.935 ServerApp] notebook_shim | extension was successfully loaded.
[I 2024-12-14 17:58:09.936 ServerApp] jupyter_lsp | extension was successfully loaded.
[I 2024-12-14 17:58:09.937 ServerApp] jupyter_server_terminals | extension was successfully loaded.
[I 2024-12-14 17:58:09.938 LabApp] JupyterLab extension loaded from /home/dave/miniconda3/envs/pytorch_env/lib/python3.10/site-packages/jupyterlab
[I 2024-12-14 17:58:09.938 LabApp] JupyterLab application directory is /home/dave/miniconda3/envs/pytorch_env/share/jupyter/lab
[I 2024-12-14 17:58:09.938 LabApp] Extension Manager is 'pypi'.
[I 2024-12-14 17:58:09.956 ServerApp] jupyterlab | extension was successfully loaded.
[I 2024-12-14 17:58:09.958 ServerApp] notebook | extension was successfully loaded.
[I 2024-12-14 17:58:09.959 ServerApp] Serving notebooks from local directory: /home/dave/PycharmProjects/learnLangChain
[I 2024-12-14 17:58:09.959 ServerApp] Jupyter Server 2.14.1 is running at:
[I 2024-12-14 17:58:09.959 ServerApp] http://localhost:8888/tree?token=6ebbef51c3129fde187ce7fe7811d380d8e03d086b8eee53
[I 2024-12-14 17:58:09.959 ServerApp]     http://127.0.0.1:8888/tree?token=6ebbef51c3129fde187ce7fe7811d380d8e03d086b8eee53
[I 2024-12-14 17:58:09.959 ServerApp] Use Control-C to stop this server and shut down all kernels (twice to skip confirmation).
[C 2024-12-14 17:58:10.013 ServerApp] 
    
    To access the server, open this file in a browser:
        file:///home/dave/.local/share/jupyter/runtime/jpserver-71872-open.html
    Or copy and paste one of these URLs:
        http://localhost:8888/tree?token=6ebbef51c3129fde187ce7fe7811d380d8e03d086b8eee53
        http://127.0.0.1:8888/tree?token=6ebbef51c3129fde187ce7fe7811d380d8e03d086b8eee53
[I 2024-12-14 17:58:10.027 ServerApp] Skipped non-installed server(s): bash-language-server, dockerfile-language-server-nodejs, javascript-typescript-langserver, jedi-language-server, julia-language-server, pyright, python-language-server, python-lsp-server, r-languageserver, sql-language-server, texlab, typescript-language-server, unified-language-server, vscode-css-languageserver-bin, vscode-html-languageserver-bin, vscode-json-languageserver-bin, yaml-language-server
[I 2024-12-14 17:58:18.329 ServerApp] Creating new notebook in 
[I 2024-12-14 17:58:18.367 ServerApp] Writing notebook-signing key to /home/dave/.local/share/jupyter/notebook_secret
[I 2024-12-14 17:58:18.474 ServerApp] Saving file at /Untitled.ipynb
[I 2024-12-14 17:58:18.503 ServerApp] Kernel started: 3b5e3fbd-6bb4-43ca-88b6-5a6f24ab2638
[I 2024-12-14 17:58:18.865 ServerApp] Connecting to kernel 3b5e3fbd-6bb4-43ca-88b6-5a6f24ab2638.
[I 2024-12-14 17:58:18.878 ServerApp] Connecting to kernel 3b5e3fbd-6bb4-43ca-88b6-5a6f24ab2638.
[I 2024-12-14 17:58:18.922 ServerApp] Connecting to kernel 3b5e3fbd-6bb4-43ca-88b6-5a6f24ab2638.
[I 2024-12-14 17:58:19.051 ServerApp] Connecting to kernel 3b5e3fbd-6bb4-43ca-88b6-5a6f24ab2638.
[I 2024-12-14 18:00:43.735 ServerApp] Saving file at /translation.ipynb
[I 2024-12-14 18:02:43.771 ServerApp] Saving file at /translation.ipynb
[I 2024-12-14 18:04:44.545 ServerApp] Saving file at /translation.ipynb
[I 2024-12-14 18:06:45.544 ServerApp] Saving file at /translation.ipynb
[I 2024-12-14 18:12:46.549 ServerApp] Saving file at /translation.ipynb
[I 2024-12-14 18:14:47.555 ServerApp] Saving file at /translation.ipynb
[I 2024-12-14 18:16:47.583 ServerApp] Saving file at /translation.ipynb
[I 2024-12-14 18:18:34.446 ServerApp] Connecting to kernel 3b5e3fbd-6bb4-43ca-88b6-5a6f24ab2638.
[I 2024-12-14 18:18:34.718 ServerApp] Connecting to kernel 3b5e3fbd-6bb4-43ca-88b6-5a6f24ab2638.
[I 2024-12-14 18:18:49.877 ServerApp] Interrupted...
[W 2024-12-14 18:18:53.507 ServerApp] A `_jupyter_server_extension_points` function was not found in jupyter_lsp. Instead, a `_jupyter_server_extension_paths` function was found and will be used for now. This function name will be deprecated in future releases of Jupyter Server.
[W 2024-12-14 18:18:53.555 ServerApp] A `_jupyter_server_extension_points` function was not found in notebook_shim. Instead, a `_jupyter_server_extension_paths` function was found and will be used for now. This function name will be deprecated in future releases of Jupyter Server.
[I 2024-12-14 18:18:53.555 ServerApp] jupyter_lsp | extension was successfully linked.
[I 2024-12-14 18:18:53.557 ServerApp] jupyter_server_terminals | extension was successfully linked.
[I 2024-12-14 18:18:53.560 ServerApp] jupyterlab | extension was successfully linked.
[I 2024-12-14 18:18:53.562 ServerApp] notebook | extension was successfully linked.
[I 2024-12-14 18:18:53.708 ServerApp] notebook_shim | extension was successfully linked.
[I 2024-12-14 18:18:53.718 ServerApp] notebook_shim | extension was successfully loaded.
[I 2024-12-14 18:18:53.719 ServerApp] jupyter_lsp | extension was successfully loaded.
[I 2024-12-14 18:18:53.719 ServerApp] jupyter_server_terminals | extension was successfully loaded.
[I 2024-12-14 18:18:53.720 LabApp] JupyterLab extension loaded from /home/dave/miniconda3/envs/pytorch_env/lib/python3.10/site-packages/jupyterlab
[I 2024-12-14 18:18:53.720 LabApp] JupyterLab application directory is /home/dave/miniconda3/envs/pytorch_env/share/jupyter/lab
[I 2024-12-14 18:18:53.720 LabApp] Extension Manager is 'pypi'.
[I 2024-12-14 18:18:53.739 ServerApp] jupyterlab | extension was successfully loaded.
[I 2024-12-14 18:18:53.741 ServerApp] notebook | extension was successfully loaded.
[I 2024-12-14 18:18:53.741 ServerApp] Serving notebooks from local directory: /home/dave/PycharmProjects/learnLangChain
[I 2024-12-14 18:18:53.741 ServerApp] Jupyter Server 2.14.1 is running at:
[I 2024-12-14 18:18:53.741 ServerApp] http://localhost:8888/tree?token=a109b4606680a7f0ba082745ae06b0b728b4137f9ba8c9a3
[I 2024-12-14 18:18:53.741 ServerApp]     http://127.0.0.1:8888/tree?token=a109b4606680a7f0ba082745ae06b0b728b4137f9ba8c9a3
[I 2024-12-14 18:18:53.741 ServerApp] Use Control-C to stop this server and shut down all kernels (twice to skip confirmation).
[C 2024-12-14 18:18:53.777 ServerApp] 
    
    To access the server, open this file in a browser:
        file:///home/dave/.local/share/jupyter/runtime/jpserver-73404-open.html
    Or copy and paste one of these URLs:
        http://localhost:8888/tree?token=a109b4606680a7f0ba082745ae06b0b728b4137f9ba8c9a3
        http://127.0.0.1:8888/tree?token=a109b4606680a7f0ba082745ae06b0b728b4137f9ba8c9a3
[I 2024-12-14 18:18:53.798 ServerApp] Skipped non-installed server(s): bash-language-server, dockerfile-language-server-nodejs, javascript-typescript-langserver, jedi-language-server, julia-language-server, pyright, python-language-server, python-lsp-server, r-languageserver, sql-language-server, texlab, typescript-language-server, unified-language-server, vscode-css-languageserver-bin, vscode-html-languageserver-bin, vscode-json-languageserver-bin, yaml-language-server
[I 2024-12-14 18:19:04.019 ServerApp] Kernel started: 4f90f05a-a219-466b-817c-f3853d8057c5
[I 2024-12-14 18:19:04.382 ServerApp] Connecting to kernel 4f90f05a-a219-466b-817c-f3853d8057c5.
[I 2024-12-14 18:19:04.401 ServerApp] Connecting to kernel 4f90f05a-a219-466b-817c-f3853d8057c5.
[I 2024-12-14 18:19:04.438 ServerApp] Connecting to kernel 4f90f05a-a219-466b-817c-f3853d8057c5.
[I 2024-12-14 18:19:05.559 ServerApp] Connecting to kernel 4f90f05a-a219-466b-817c-f3853d8057c5.
[I 2024-12-14 18:21:03.883 ServerApp] Saving file at /translation.ipynb
[I 2024-12-14 18:23:04.556 ServerApp] Saving file at /translation.ipynb
[I 2024-12-14 18:31:07.553 ServerApp] Saving file at /translation.ipynb
[I 2024-12-14 18:33:08.556 ServerApp] Saving file at /translation.ipynb
[I 2024-12-14 21:12:58.562 ServerApp] Saving file at /translation.ipynb
